[2026-03-07T15:08:10.911Z] --- LOGIN INITIATED ---
[2026-03-07T15:08:11.005Z] Body received for email: admin@2coms.com
[2026-03-07T15:08:11.024Z] 🔑 Attempting login for: admin@2coms.com
[2026-03-07T15:08:12.969Z] User found state: true
[2026-03-07T15:08:14.409Z] Password match: true
[2026-03-07T15:08:14.411Z] ✅ Success: admin@2coms.com
[2026-03-07T15:08:14.473Z] JWT signed
[2026-03-07T15:08:14.484Z] Cookie set
[2026-03-07T16:04:49.529Z] [DUMMY] --- DUMMY LOGIN POST REACHED ---
[2026-03-07T16:04:49.545Z] [DUMMY] Dummy Body Email: test@example.com
[2026-03-07T16:05:22.149Z] [DUMMY] --- DUMMY LOGIN POST REACHED ---
[2026-03-07T16:05:22.154Z] [DUMMY] Dummy Body Email: admin@2coms.com
[2026-03-07T16:11:56.743Z] [DUMMY] --- DUMMY LOGIN POST REACHED ---
[2026-03-07T16:11:56.772Z] [DUMMY] Dummy Body Email: admin@2coms.com
[2026-03-07T16:12:02.532Z] [DUMMY] --- DUMMY LOGIN POST REACHED ---
[2026-03-07T16:12:02.536Z] [DUMMY] Dummy Body Email: admin@2coms.com
[2026-03-07T16:12:04.051Z] [DUMMY] --- DUMMY LOGIN POST REACHED ---
[2026-03-07T16:12:04.054Z] [DUMMY] Dummy Body Email: admin@2coms.com
[2026-03-07T16:12:11.678Z] [DUMMY] --- DUMMY LOGIN POST REACHED ---
[2026-03-07T16:12:11.682Z] [DUMMY] Dummy Body Email: admin@2coms.com
[2026-03-07T16:12:12.751Z] [DUMMY] --- DUMMY LOGIN POST REACHED ---
[2026-03-07T16:12:12.759Z] [DUMMY] Dummy Body Email: admin@2coms.com
[2026-03-07T16:12:12.995Z] [DUMMY] --- DUMMY LOGIN POST REACHED ---
[2026-03-07T16:12:12.998Z] [DUMMY] Dummy Body Email: admin@2coms.com
[2026-03-07T16:12:14.125Z] [DUMMY] --- DUMMY LOGIN POST REACHED ---
[2026-03-07T16:12:14.128Z] [DUMMY] Dummy Body Email: admin@2coms.com
[2026-03-07T16:12:15.376Z] [DUMMY] --- DUMMY LOGIN POST REACHED ---
[2026-03-07T16:12:15.380Z] [DUMMY] Dummy Body Email: admin@2coms.com
[2026-03-07T16:14:10.557Z] [DUMMY] --- DUMMY LOGIN POST REACHED ---
[2026-03-07T16:14:10.566Z] [DUMMY] Dummy Body Email: admin@2coms.com
[2026-03-07T16:14:11.538Z] [DUMMY] --- DUMMY LOGIN POST REACHED ---
[2026-03-07T16:14:11.543Z] [DUMMY] Dummy Body Email: admin@2coms.com
[2026-03-07T16:14:56.328Z] [DUMMY] --- DUMMY LOGIN POST REACHED ---
[2026-03-07T16:14:56.331Z] [DUMMY] Dummy Body Email: admin@2coms.com
[2026-03-07T16:14:58.022Z] [DUMMY] --- DUMMY LOGIN POST REACHED ---
[2026-03-07T16:14:58.025Z] [DUMMY] Dummy Body Email: admin@2coms.com
[2026-03-07T16:15:02.287Z] [DUMMY] --- DUMMY LOGIN POST REACHED ---
[2026-03-07T16:15:02.290Z] [DUMMY] Dummy Body Email: admin@2coms.com
[2026-03-07T16:15:03.364Z] [DUMMY] --- DUMMY LOGIN POST REACHED ---
[2026-03-07T16:15:03.371Z] [DUMMY] Dummy Body Email: admin@2coms.com
[2026-03-07T16:15:04.238Z] [DUMMY] --- DUMMY LOGIN POST REACHED ---
[2026-03-07T16:15:04.240Z] [DUMMY] Dummy Body Email: admin@2coms.com
[2026-03-07T16:15:05.124Z] [DUMMY] --- DUMMY LOGIN POST REACHED ---
[2026-03-07T16:15:05.126Z] [DUMMY] Dummy Body Email: admin@2coms.com
[2026-03-07T16:15:06.659Z] [DUMMY] --- DUMMY LOGIN POST REACHED ---
[2026-03-07T16:15:06.665Z] [DUMMY] Dummy Body Email: admin@2coms.com
[2026-03-07T16:15:08.719Z] [DUMMY] --- DUMMY LOGIN POST REACHED ---
[2026-03-07T16:15:08.722Z] [DUMMY] Dummy Body Email: admin@2coms.com
[2026-03-07T16:15:10.601Z] [DUMMY] --- DUMMY LOGIN POST REACHED ---
[2026-03-07T16:15:10.605Z] [DUMMY] Dummy Body Email: admin@2coms.com
[2026-03-07T16:16:16.894Z] [DUMMY] --- DUMMY LOGIN POST REACHED ---
[2026-03-07T16:16:16.898Z] [DUMMY] Dummy Body Email: admin@2coms.com
[2026-03-07T16:16:17.980Z] [DUMMY] --- DUMMY LOGIN POST REACHED ---
[2026-03-07T16:16:17.983Z] [DUMMY] Dummy Body Email: admin@2coms.com
[2026-03-07T16:16:56.278Z] [DUMMY] --- DUMMY LOGIN POST REACHED ---
[2026-03-07T16:16:56.282Z] [DUMMY] Dummy Body Email: palthyaswaroopa2020@gmail.com
[2026-03-07T16:16:57.956Z] [DUMMY] --- DUMMY LOGIN POST REACHED ---
[2026-03-07T16:16:57.961Z] [DUMMY] Dummy Body Email: palthyaswaroopa2020@gmail.com
[2026-03-07T16:17:37.780Z] [DUMMY] --- DUMMY LOGIN POST REACHED ---
[2026-03-07T16:17:37.783Z] [DUMMY] Dummy Body Email: palthyaswaroopa2020@gmail.com
[2026-03-07T16:24:07.227Z] [REAL] --- REAL LOGIN INITIATED ---
[2026-03-07T16:24:10.536Z] [REAL] --- REAL LOGIN INITIATED ---
[2026-03-07T16:24:12.291Z] [REAL] --- REAL LOGIN INITIATED ---
[2026-03-07T16:24:21.694Z] [REAL] --- REAL LOGIN INITIATED ---
[2026-03-07T16:30:12.370Z] [REAL] --- REAL LOGIN INITIATED ---
[2026-03-07T16:30:30.354Z] [REAL] --- REAL LOGIN INITIATED ---
[2026-03-07T16:30:35.354Z] [REAL] --- REAL LOGIN INITIATED ---
[2026-03-07T16:30:53.274Z] [REAL] --- REAL LOGIN INITIATED ---
[2026-03-07T16:31:02.317Z] [REAL] --- REAL LOGIN INITIATED ---
[2026-03-07T16:31:40.469Z] [REAL] --- REAL LOGIN INITIATED ---
